<?xml version="1.0" encoding="UTF-8"?>
<coverage generated="1657292045045" clover="3.2.0">
  <project timestamp="1657292045046" name="All files">
    <metrics statements="3" coveredstatements="3" conditionals="0" coveredconditionals="0" methods="0" coveredmethods="0" elements="3" coveredelements="3" complexity="0" loc="3" ncloc="3" packages="2" files="3" classes="3"/>
    <package name="assets.images">
      <metrics statements="1" coveredstatements="1" conditionals="0" coveredconditionals="0" methods="0" coveredmethods="0"/>
      <file name="avatar.jpg" path="/home/jhemesferreira/Bureau/Jhemes/études/vueJS/vue-master-class/job-search/src/assets/images/avatar.jpg">
        <metrics statements="1" coveredstatements="1" conditionals="0" coveredconditionals="0" methods="0" coveredmethods="0"/>
        <line num="1" count="1" type="stmt"/>
      </file>
    </package>
    <package name="components">
      <metrics statements="2" coveredstatements="2" conditionals="0" coveredconditionals="0" methods="0" coveredmethods="0"/>
      <file name="ActionButton.vue" path="/home/jhemesferreira/Bureau/Jhemes/études/vueJS/vue-master-class/job-search/src/components/ActionButton.vue">
        <metrics statements="1" coveredstatements="1" conditionals="0" coveredconditionals="0" methods="0" coveredmethods="0"/>
        <line num="19" count="1" type="stmt"/>
      </file>
      <file name="ProfileImage.vue" path="/home/jhemesferreira/Bureau/Jhemes/études/vueJS/vue-master-class/job-search/src/components/ProfileImage.vue">
        <metrics statements="1" coveredstatements="1" conditionals="0" coveredconditionals="0" methods="0" coveredmethods="0"/>
        <line num="10" count="1" type="stmt"/>
      </file>
    </package>
  </project>
</coverage>
