<?xml version="1.0" encoding="UTF-8"?>
<coverage generated="1658589916221" clover="3.2.0">
  <project timestamp="1658589916222" name="All files">
    <metrics statements="7" coveredstatements="7" conditionals="0" coveredconditionals="0" methods="3" coveredmethods="3" elements="10" coveredelements="10" complexity="0" loc="7" ncloc="7" packages="2" files="4" classes="4"/>
    <package name="assets.images">
      <metrics statements="1" coveredstatements="1" conditionals="0" coveredconditionals="0" methods="0" coveredmethods="0"/>
      <file name="avatar.jpg" path="/home/jhemes/Desktop/workplace/personal/classes/vueJS/job-search/src/assets/images/avatar.jpg">
        <metrics statements="1" coveredstatements="1" conditionals="0" coveredconditionals="0" methods="0" coveredmethods="0"/>
        <line num="1" count="2" type="stmt"/>
      </file>
    </package>
    <package name="components">
      <metrics statements="6" coveredstatements="6" conditionals="0" coveredconditionals="0" methods="3" coveredmethods="3"/>
      <file name="ActionButton.vue" path="/home/jhemes/Desktop/workplace/personal/classes/vueJS/job-search/src/components/ActionButton.vue">
        <metrics statements="3" coveredstatements="3" conditionals="0" coveredconditionals="0" methods="2" coveredmethods="2"/>
        <line num="8" count="2" type="stmt"/>
        <line num="20" count="3" type="stmt"/>
        <line num="26" count="1" type="stmt"/>
      </file>
      <file name="ProfileImage.vue" path="/home/jhemes/Desktop/workplace/personal/classes/vueJS/job-search/src/components/ProfileImage.vue">
        <metrics statements="1" coveredstatements="1" conditionals="0" coveredconditionals="0" methods="0" coveredmethods="0"/>
        <line num="10" count="2" type="stmt"/>
      </file>
      <file name="Subnav.vue" path="/home/jhemes/Desktop/workplace/personal/classes/vueJS/job-search/src/components/Subnav.vue">
        <metrics statements="2" coveredstatements="2" conditionals="0" coveredconditionals="0" methods="1" coveredmethods="1"/>
        <line num="18" count="2" type="stmt"/>
        <line num="21" count="1" type="stmt"/>
      </file>
    </package>
  </project>
</coverage>
