{"/home/jhemes/Desktop/workplace/personal/classes/vueJS/job-search/src/assets/images/avatar.jpg": {"path":"/home/jhemes/Desktop/workplace/personal/classes/vueJS/job-search/src/assets/images/avatar.jpg","statementMap":{"0":{"start":{"line":1,"column":0},"end":{"line":1,"column":19}}},"fnMap":{},"branchMap":{},"s":{"0":2},"f":{},"b":{},"_coverageSchema":"1a1c01bbd47fc00a2c39e90264f33305004495a9","hash":"3e23884a0a3140093028ee67a6df4df578c2fe71"}
,"/home/jhemes/Desktop/workplace/personal/classes/vueJS/job-search/src/components/ActionButton.vue": {"path":"/home/jhemes/Desktop/workplace/personal/classes/vueJS/job-search/src/components/ActionButton.vue","statementMap":{"0":{"start":{"line":8,"column":15},"end":{"line":8,"column":null}},"1":{"start":{"line":20,"column":8},"end":{"line":20,"column":15}},"2":{"start":{"line":26,"column":6},"end":{"line":26,"column":13}}},"fnMap":{"0":{"name":"(anonymous_0)","decl":{"start":{"line":19,"column":6},"end":{"line":19,"column":15}},"loc":{"start":{"line":19,"column":23},"end":{"line":21,"column":null}}},"1":{"name":"(anonymous_1)","decl":{"start":{"line":25,"column":4},"end":{"line":25,"column":15}},"loc":{"start":{"line":25,"column":18},"end":{"line":30,"column":null}}}},"branchMap":{},"s":{"0":2,"1":2,"2":1},"f":{"0":2,"1":1},"b":{}}
,"/home/jhemes/Desktop/workplace/personal/classes/vueJS/job-search/src/components/ProfileImage.vue": {"path":"/home/jhemes/Desktop/workplace/personal/classes/vueJS/job-search/src/components/ProfileImage.vue","statementMap":{"0":{"start":{"line":10,"column":15},"end":{"line":10,"column":null}}},"fnMap":{},"branchMap":{},"s":{"0":2},"f":{},"b":{}}
,"/home/jhemes/Desktop/workplace/personal/classes/vueJS/job-search/src/components/Subnav.vue": {"path":"/home/jhemes/Desktop/workplace/personal/classes/vueJS/job-search/src/components/Subnav.vue","statementMap":{"0":{"start":{"line":18,"column":15},"end":{"line":18,"column":null}},"1":{"start":{"line":21,"column":4},"end":{"line":21,"column":11}}},"fnMap":{"0":{"name":"(anonymous_0)","decl":{"start":{"line":20,"column":2},"end":{"line":20,"column":6}},"loc":{"start":{"line":20,"column":9},"end":{"line":24,"column":null}}}},"branchMap":{},"s":{"0":2,"1":1},"f":{"0":1},"b":{}}
}
